  Main.cpp
G:\isec\Isec13-14\TPSO2_21170273_21170826\TRAB_SO2_cliente\TRAB_SO2_cliente\Main.cpp(94,9): warning C4101: 'hAccel': unreferenced local variable
G:\isec\Isec13-14\TPSO2_21170273_21170826\TRAB_SO2_cliente\TRAB_SO2_cliente\Main.cpp(203,6): warning C4996: 'sprintf': This function or variable may be unsafe. Consider using sprintf_s instead. To disable deprecation, use _CRT_SECURE_NO_WARNINGS. See online help for details.
G:\isec\Isec13-14\TPSO2_21170273_21170826\TRAB_SO2_cliente\TRAB_SO2_cliente\Main.cpp(448,5): warning C4996: 'sprintf': This function or variable may be unsafe. Consider using sprintf_s instead. To disable deprecation, use _CRT_SECURE_NO_WARNINGS. See online help for details.
G:\isec\Isec13-14\TPSO2_21170273_21170826\TRAB_SO2_cliente\TRAB_SO2_cliente\Main.cpp(471,7): warning C4996: 'sprintf': This function or variable may be unsafe. Consider using sprintf_s instead. To disable deprecation, use _CRT_SECURE_NO_WARNINGS. See online help for details.
G:\isec\Isec13-14\TPSO2_21170273_21170826\TRAB_SO2_cliente\TRAB_SO2_cliente\Main.cpp(595,7): warning C4996: 'sprintf': This function or variable may be unsafe. Consider using sprintf_s instead. To disable deprecation, use _CRT_SECURE_NO_WARNINGS. See online help for details.
G:\isec\Isec13-14\TPSO2_21170273_21170826\TRAB_SO2_cliente\TRAB_SO2_cliente\Main.cpp(600,7): warning C4996: 'sprintf': This function or variable may be unsafe. Consider using sprintf_s instead. To disable deprecation, use _CRT_SECURE_NO_WARNINGS. See online help for details.
G:\isec\Isec13-14\TPSO2_21170273_21170826\TRAB_SO2_cliente\TRAB_SO2_cliente\Main.cpp(606,7): warning C4996: 'sprintf': This function or variable may be unsafe. Consider using sprintf_s instead. To disable deprecation, use _CRT_SECURE_NO_WARNINGS. See online help for details.
G:\isec\Isec13-14\TPSO2_21170273_21170826\TRAB_SO2_cliente\TRAB_SO2_cliente\Main.cpp(609,7): warning C4996: 'sprintf': This function or variable may be unsafe. Consider using sprintf_s instead. To disable deprecation, use _CRT_SECURE_NO_WARNINGS. See online help for details.
G:\isec\Isec13-14\TPSO2_21170273_21170826\TRAB_SO2_cliente\TRAB_SO2_cliente\Main.cpp(614,6): warning C4996: 'sprintf': This function or variable may be unsafe. Consider using sprintf_s instead. To disable deprecation, use _CRT_SECURE_NO_WARNINGS. See online help for details.
G:\isec\Isec13-14\TPSO2_21170273_21170826\TRAB_SO2_cliente\TRAB_SO2_cliente\Main.cpp(161,29): warning C4101: 'resp': unreferenced local variable
G:\isec\Isec13-14\TPSO2_21170273_21170826\TRAB_SO2_cliente\TRAB_SO2_cliente\Main.cpp(168,8): warning C4101: 'str': unreferenced local variable
G:\isec\Isec13-14\TPSO2_21170273_21170826\TRAB_SO2_cliente\TRAB_SO2_cliente\Main.cpp(657,3): warning C4060: switch statement contains no 'case' or 'default' labels
G:\isec\Isec13-14\TPSO2_21170273_21170826\TRAB_SO2_cliente\TRAB_SO2_cliente\Main.cpp(685,5): warning C4996: 'sprintf': This function or variable may be unsafe. Consider using sprintf_s instead. To disable deprecation, use _CRT_SECURE_NO_WARNINGS. See online help for details.
G:\isec\Isec13-14\TPSO2_21170273_21170826\TRAB_SO2_cliente\TRAB_SO2_cliente\Main.cpp(720,5): warning C4996: 'sprintf': This function or variable may be unsafe. Consider using sprintf_s instead. To disable deprecation, use _CRT_SECURE_NO_WARNINGS. See online help for details.
G:\isec\Isec13-14\TPSO2_21170273_21170826\TRAB_SO2_cliente\TRAB_SO2_cliente\Main.cpp(721,5): warning C4996: 'sprintf': This function or variable may be unsafe. Consider using sprintf_s instead. To disable deprecation, use _CRT_SECURE_NO_WARNINGS. See online help for details.
G:\isec\Isec13-14\TPSO2_21170273_21170826\TRAB_SO2_cliente\TRAB_SO2_cliente\Main.cpp(701,31): warning C4101: 'msg': unreferenced local variable
G:\isec\Isec13-14\TPSO2_21170273_21170826\TRAB_SO2_cliente\TRAB_SO2_cliente\Main.cpp(702,6): warning C4101: 'i': unreferenced local variable
G:\isec\Isec13-14\TPSO2_21170273_21170826\TRAB_SO2_cliente\TRAB_SO2_cliente\Main.cpp(736,6): warning C4101: 'i': unreferenced local variable
G:\isec\Isec13-14\TPSO2_21170273_21170826\TRAB_SO2_cliente\TRAB_SO2_cliente\Main.cpp(736,9): warning C4101: 'tamanho': unreferenced local variable
G:\isec\Isec13-14\TPSO2_21170273_21170826\TRAB_SO2_cliente\TRAB_SO2_cliente\Main.cpp(1030,6): warning C4996: 'sprintf': This function or variable may be unsafe. Consider using sprintf_s instead. To disable deprecation, use _CRT_SECURE_NO_WARNINGS. See online help for details.
G:\isec\Isec13-14\TPSO2_21170273_21170826\TRAB_SO2_cliente\TRAB_SO2_cliente\Main.cpp(1032,6): warning C4996: 'sprintf': This function or variable may be unsafe. Consider using sprintf_s instead. To disable deprecation, use _CRT_SECURE_NO_WARNINGS. See online help for details.
G:\isec\Isec13-14\TPSO2_21170273_21170826\TRAB_SO2_cliente\TRAB_SO2_cliente\Main.cpp(1038,6): warning C4996: 'sprintf': This function or variable may be unsafe. Consider using sprintf_s instead. To disable deprecation, use _CRT_SECURE_NO_WARNINGS. See online help for details.
G:\isec\Isec13-14\TPSO2_21170273_21170826\TRAB_SO2_cliente\TRAB_SO2_cliente\Main.cpp(1041,6): warning C4996: 'sprintf': This function or variable may be unsafe. Consider using sprintf_s instead. To disable deprecation, use _CRT_SECURE_NO_WARNINGS. See online help for details.
G:\isec\Isec13-14\TPSO2_21170273_21170826\TRAB_SO2_cliente\TRAB_SO2_cliente\Main.cpp(1086,4): warning C4996: 'sprintf': This function or variable may be unsafe. Consider using sprintf_s instead. To disable deprecation, use _CRT_SECURE_NO_WARNINGS. See online help for details.
G:\isec\Isec13-14\TPSO2_21170273_21170826\TRAB_SO2_cliente\TRAB_SO2_cliente\Main.cpp(1087,4): warning C4996: 'sprintf': This function or variable may be unsafe. Consider using sprintf_s instead. To disable deprecation, use _CRT_SECURE_NO_WARNINGS. See online help for details.
G:\isec\Isec13-14\TPSO2_21170273_21170826\TRAB_SO2_cliente\TRAB_SO2_cliente\Main.cpp(1094,4): warning C4996: 'sprintf': This function or variable may be unsafe. Consider using sprintf_s instead. To disable deprecation, use _CRT_SECURE_NO_WARNINGS. See online help for details.
G:\isec\Isec13-14\TPSO2_21170273_21170826\TRAB_SO2_cliente\TRAB_SO2_cliente\Main.cpp(1095,4): warning C4996: 'sprintf': This function or variable may be unsafe. Consider using sprintf_s instead. To disable deprecation, use _CRT_SECURE_NO_WARNINGS. See online help for details.
G:\isec\Isec13-14\TPSO2_21170273_21170826\TRAB_SO2_cliente\TRAB_SO2_cliente\Main.cpp(1069,6): warning C4101: 'i': unreferenced local variable
G:\isec\Isec13-14\TPSO2_21170273_21170826\TRAB_SO2_cliente\TRAB_SO2_cliente\Main.cpp(1108,8): warning C4101: 'msg': unreferenced local variable
G:\isec\Isec13-14\TPSO2_21170273_21170826\TRAB_SO2_cliente\TRAB_SO2_cliente\Main.cpp(1166,5): warning C4996: 'sprintf': This function or variable may be unsafe. Consider using sprintf_s instead. To disable deprecation, use _CRT_SECURE_NO_WARNINGS. See online help for details.
G:\isec\Isec13-14\TPSO2_21170273_21170826\TRAB_SO2_cliente\TRAB_SO2_cliente\Main.cpp(1168,5): warning C4996: 'sprintf': This function or variable may be unsafe. Consider using sprintf_s instead. To disable deprecation, use _CRT_SECURE_NO_WARNINGS. See online help for details.
G:\isec\Isec13-14\TPSO2_21170273_21170826\TRAB_SO2_cliente\TRAB_SO2_cliente\Main.cpp(1141,8): warning C4101: 'n': unreferenced local variable
G:\isec\Isec13-14\TPSO2_21170273_21170826\TRAB_SO2_cliente\TRAB_SO2_cliente\Main.cpp(1139,7): warning C4101: 'd': unreferenced local variable
G:\isec\Isec13-14\TPSO2_21170273_21170826\TRAB_SO2_cliente\TRAB_SO2_cliente\Main.cpp(1211,4): warning C4996: 'sprintf': This function or variable may be unsafe. Consider using sprintf_s instead. To disable deprecation, use _CRT_SECURE_NO_WARNINGS. See online help for details.
G:\isec\Isec13-14\TPSO2_21170273_21170826\TRAB_SO2_cliente\TRAB_SO2_cliente\Main.cpp(1213,4): warning C4996: 'sprintf': This function or variable may be unsafe. Consider using sprintf_s instead. To disable deprecation, use _CRT_SECURE_NO_WARNINGS. See online help for details.
G:\isec\Isec13-14\TPSO2_21170273_21170826\TRAB_SO2_cliente\TRAB_SO2_cliente\Main.cpp(1215,4): warning C4996: 'sprintf': This function or variable may be unsafe. Consider using sprintf_s instead. To disable deprecation, use _CRT_SECURE_NO_WARNINGS. See online help for details.
G:\isec\Isec13-14\TPSO2_21170273_21170826\TRAB_SO2_cliente\TRAB_SO2_cliente\Main.cpp(1183,8): warning C4101: 'n': unreferenced local variable
G:\isec\Isec13-14\TPSO2_21170273_21170826\TRAB_SO2_cliente\TRAB_SO2_cliente\Main.cpp(1181,7): warning C4101: 'd': unreferenced local variable
G:\isec\Isec13-14\TPSO2_21170273_21170826\TRAB_SO2_cliente\TRAB_SO2_cliente\Main.cpp(1227,6): warning C4101: 'i': unreferenced local variable
G:\isec\Isec13-14\TPSO2_21170273_21170826\TRAB_SO2_cliente\TRAB_SO2_cliente\Main.cpp(641): warning C4715: 'WndProc': not all control paths return a value
SO2_TRAB.rc(10): fatal error RC1015: cannot open include file 'afxres.h'.
  
